{
"contracts/Raffle.sol":{"l":{"61":3,"62":3,"63":3,"64":3,"65":3,"66":3,"67":3,"68":3,"72":15,"73":1,"75":14,"76":1,"78":13,"79":13,"101":10,"102":10,"103":10,"104":10,"105":10,"106":10,"112":6,"113":6,"114":1,"120":5,"121":5,"128":5,"136":1,"137":1,"138":1,"139":1,"140":1,"141":1,"142":1,"143":0,"145":1,"146":1,"151":1,"155":14,"159":1,"163":0,"167":1,"171":2,"175":4,"179":14,"183":14},"path":"/home/shubh/web3/hardhat-lottery/contracts/Raffle.sol","s":{"1":15,"2":14,"3":13,"4":13,"5":10,"6":10,"7":10,"8":10,"9":10,"10":6,"11":6,"12":5,"13":5,"14":1,"15":1,"16":1,"17":1,"18":1,"19":1,"20":14,"21":1,"22":0,"23":1,"24":2,"25":4,"26":14,"27":14},"b":{"1":[1,14],"2":[1,13],"3":[1,5],"4":[0,1]},"f":{"1":3,"2":15,"3":10,"4":6,"5":1,"6":1,"7":14,"8":1,"9":0,"10":1,"11":2,"12":4,"13":14,"14":14},"fnMap":{"1":{"name":"constructor","line":60,"loc":{"start":{"line":53,"column":2},"end":{"line":69,"column":2}}},"2":{"name":"enterRaffle","line":71,"loc":{"start":{"line":71,"column":2},"end":{"line":80,"column":2}}},"3":{"name":"checkUpkeep","line":91,"loc":{"start":{"line":91,"column":2},"end":{"line":107,"column":2}}},"4":{"name":"performUpkeep","line":109,"loc":{"start":{"line":109,"column":2},"end":{"line":129,"column":2}}},"5":{"name":"fulfillRandomWords","line":131,"loc":{"start":{"line":131,"column":2},"end":{"line":147,"column":2}}},"6":{"name":"getPlayer","line":150,"loc":{"start":{"line":150,"column":2},"end":{"line":152,"column":2}}},"7":{"name":"getEnteranceFee","line":154,"loc":{"start":{"line":154,"column":2},"end":{"line":156,"column":2}}},"8":{"name":"getRecentWinner","line":158,"loc":{"start":{"line":158,"column":2},"end":{"line":160,"column":2}}},"9":{"name":"getNumWords","line":162,"loc":{"start":{"line":162,"column":2},"end":{"line":164,"column":2}}},"10":{"name":"getNumOfPlayers","line":166,"loc":{"start":{"line":166,"column":2},"end":{"line":168,"column":2}}},"11":{"name":"getLatestTimeStamp","line":170,"loc":{"start":{"line":170,"column":2},"end":{"line":172,"column":2}}},"12":{"name":"getRaffleState","line":174,"loc":{"start":{"line":174,"column":2},"end":{"line":176,"column":2}}},"13":{"name":"getInterval","line":178,"loc":{"start":{"line":178,"column":2},"end":{"line":180,"column":2}}},"14":{"name":"getSubscriptionId","line":182,"loc":{"start":{"line":182,"column":2},"end":{"line":184,"column":2}}}},"statementMap":{"1":{"start":{"line":72,"column":4},"end":{"line":72,"column":2200}},"2":{"start":{"line":75,"column":4},"end":{"line":75,"column":2288}},"3":{"start":{"line":78,"column":4},"end":{"line":78,"column":38}},"4":{"start":{"line":79,"column":4},"end":{"line":79,"column":34}},"5":{"start":{"line":101,"column":4},"end":{"line":101,"column":51}},"6":{"start":{"line":102,"column":4},"end":{"line":102,"column":72}},"7":{"start":{"line":103,"column":4},"end":{"line":103,"column":41}},"8":{"start":{"line":104,"column":4},"end":{"line":104,"column":47}},"9":{"start":{"line":106,"column":4},"end":{"line":106,"column":32}},"10":{"start":{"line":112,"column":4},"end":{"line":112,"column":43}},"11":{"start":{"line":113,"column":4},"end":{"line":113,"column":3450}},"12":{"start":{"line":121,"column":4},"end":{"line":121,"column":3662}},"13":{"start":{"line":128,"column":4},"end":{"line":128,"column":41}},"14":{"start":{"line":136,"column":4},"end":{"line":136,"column":61}},"15":{"start":{"line":137,"column":4},"end":{"line":137,"column":59}},"16":{"start":{"line":141,"column":4},"end":{"line":141,"column":76}},"17":{"start":{"line":142,"column":4},"end":{"line":142,"column":4329}},"18":{"start":{"line":146,"column":4},"end":{"line":146,"column":35}},"19":{"start":{"line":151,"column":4},"end":{"line":151,"column":27}},"20":{"start":{"line":155,"column":4},"end":{"line":155,"column":25}},"21":{"start":{"line":159,"column":4},"end":{"line":159,"column":26}},"22":{"start":{"line":163,"column":4},"end":{"line":163,"column":20}},"23":{"start":{"line":167,"column":4},"end":{"line":167,"column":27}},"24":{"start":{"line":171,"column":4},"end":{"line":171,"column":26}},"25":{"start":{"line":175,"column":4},"end":{"line":175,"column":24}},"26":{"start":{"line":179,"column":4},"end":{"line":179,"column":21}},"27":{"start":{"line":183,"column":4},"end":{"line":183,"column":27}}},"branchMap":{"1":{"line":72,"type":"if","locations":[{"start":{"line":72,"column":4},"end":{"line":72,"column":4}},{"start":{"line":72,"column":4},"end":{"line":72,"column":4}}]},"2":{"line":75,"type":"if","locations":[{"start":{"line":75,"column":4},"end":{"line":75,"column":4}},{"start":{"line":75,"column":4},"end":{"line":75,"column":4}}]},"3":{"line":113,"type":"if","locations":[{"start":{"line":113,"column":4},"end":{"line":113,"column":4}},{"start":{"line":113,"column":4},"end":{"line":113,"column":4}}]},"4":{"line":142,"type":"if","locations":[{"start":{"line":142,"column":4},"end":{"line":142,"column":4}},{"start":{"line":142,"column":4},"end":{"line":142,"column":4}}]}}},
"contracts/test/VRFCoordinatorV2Mock.sol":{"l":{},"path":"/home/shubh/web3/hardhat-lottery/contracts/test/VRFCoordinatorV2Mock.sol","s":{},"b":{},"f":{},"fnMap":{},"statementMap":{},"branchMap":{}}}
