{
"contracts/Raffle.sol":{"l":{"61":3,"62":3,"63":3,"64":3,"65":3,"66":3,"67":3,"68":3,"72":5,"73":1,"75":4,"76":1,"78":3,"79":3,"102":1,"103":1,"104":1,"105":1,"106":1,"107":1,"113":1,"114":1,"115":0,"121":1,"122":1,"129":1,"137":0,"138":0,"139":0,"140":0,"141":0,"142":0,"143":0,"144":0,"146":0,"147":0,"152":1,"156":5,"160":0,"164":0,"168":0,"172":0,"176":1,"180":5,"184":5},"path":"/home/shubh/web3/hardhat-lottery/contracts/Raffle.sol","s":{"1":5,"2":4,"3":3,"4":3,"5":1,"6":1,"7":1,"8":1,"9":1,"10":1,"11":1,"12":1,"13":1,"14":0,"15":0,"16":0,"17":0,"18":0,"19":1,"20":5,"21":0,"22":0,"23":0,"24":0,"25":1,"26":5,"27":5},"b":{"1":[1,4],"2":[1,3],"3":[0,1],"4":[0,0]},"f":{"1":3,"2":5,"3":1,"4":1,"5":0,"6":1,"7":5,"8":0,"9":0,"10":0,"11":0,"12":1,"13":5,"14":5},"fnMap":{"1":{"name":"constructor","line":60,"loc":{"start":{"line":53,"column":2},"end":{"line":69,"column":2}}},"2":{"name":"enterRaffle","line":71,"loc":{"start":{"line":71,"column":2},"end":{"line":80,"column":2}}},"3":{"name":"checkUpkeep","line":91,"loc":{"start":{"line":91,"column":2},"end":{"line":108,"column":2}}},"4":{"name":"performUpkeep","line":110,"loc":{"start":{"line":110,"column":2},"end":{"line":130,"column":2}}},"5":{"name":"fulfillRandomWords","line":132,"loc":{"start":{"line":132,"column":2},"end":{"line":148,"column":2}}},"6":{"name":"getPlayer","line":151,"loc":{"start":{"line":151,"column":2},"end":{"line":153,"column":2}}},"7":{"name":"getEnteranceFee","line":155,"loc":{"start":{"line":155,"column":2},"end":{"line":157,"column":2}}},"8":{"name":"getRecentWinner","line":159,"loc":{"start":{"line":159,"column":2},"end":{"line":161,"column":2}}},"9":{"name":"getNumWords","line":163,"loc":{"start":{"line":163,"column":2},"end":{"line":165,"column":2}}},"10":{"name":"getNumOfPlayers","line":167,"loc":{"start":{"line":167,"column":2},"end":{"line":169,"column":2}}},"11":{"name":"getLatestTimeStamp","line":171,"loc":{"start":{"line":171,"column":2},"end":{"line":173,"column":2}}},"12":{"name":"getRaffleState","line":175,"loc":{"start":{"line":175,"column":2},"end":{"line":177,"column":2}}},"13":{"name":"getInterval","line":179,"loc":{"start":{"line":179,"column":2},"end":{"line":181,"column":2}}},"14":{"name":"getSubscriptionId","line":183,"loc":{"start":{"line":183,"column":2},"end":{"line":185,"column":2}}}},"statementMap":{"1":{"start":{"line":72,"column":4},"end":{"line":72,"column":2200}},"2":{"start":{"line":75,"column":4},"end":{"line":75,"column":2288}},"3":{"start":{"line":78,"column":4},"end":{"line":78,"column":38}},"4":{"start":{"line":79,"column":4},"end":{"line":79,"column":34}},"5":{"start":{"line":102,"column":4},"end":{"line":102,"column":51}},"6":{"start":{"line":103,"column":4},"end":{"line":103,"column":72}},"7":{"start":{"line":104,"column":4},"end":{"line":104,"column":41}},"8":{"start":{"line":105,"column":4},"end":{"line":105,"column":47}},"9":{"start":{"line":107,"column":4},"end":{"line":107,"column":32}},"10":{"start":{"line":113,"column":4},"end":{"line":113,"column":43}},"11":{"start":{"line":114,"column":4},"end":{"line":114,"column":3459}},"12":{"start":{"line":122,"column":4},"end":{"line":122,"column":3671}},"13":{"start":{"line":129,"column":4},"end":{"line":129,"column":41}},"14":{"start":{"line":137,"column":4},"end":{"line":137,"column":61}},"15":{"start":{"line":138,"column":4},"end":{"line":138,"column":59}},"16":{"start":{"line":142,"column":4},"end":{"line":142,"column":76}},"17":{"start":{"line":143,"column":4},"end":{"line":143,"column":4338}},"18":{"start":{"line":147,"column":4},"end":{"line":147,"column":35}},"19":{"start":{"line":152,"column":4},"end":{"line":152,"column":27}},"20":{"start":{"line":156,"column":4},"end":{"line":156,"column":25}},"21":{"start":{"line":160,"column":4},"end":{"line":160,"column":26}},"22":{"start":{"line":164,"column":4},"end":{"line":164,"column":20}},"23":{"start":{"line":168,"column":4},"end":{"line":168,"column":27}},"24":{"start":{"line":172,"column":4},"end":{"line":172,"column":26}},"25":{"start":{"line":176,"column":4},"end":{"line":176,"column":24}},"26":{"start":{"line":180,"column":4},"end":{"line":180,"column":21}},"27":{"start":{"line":184,"column":4},"end":{"line":184,"column":27}}},"branchMap":{"1":{"line":72,"type":"if","locations":[{"start":{"line":72,"column":4},"end":{"line":72,"column":4}},{"start":{"line":72,"column":4},"end":{"line":72,"column":4}}]},"2":{"line":75,"type":"if","locations":[{"start":{"line":75,"column":4},"end":{"line":75,"column":4}},{"start":{"line":75,"column":4},"end":{"line":75,"column":4}}]},"3":{"line":114,"type":"if","locations":[{"start":{"line":114,"column":4},"end":{"line":114,"column":4}},{"start":{"line":114,"column":4},"end":{"line":114,"column":4}}]},"4":{"line":143,"type":"if","locations":[{"start":{"line":143,"column":4},"end":{"line":143,"column":4}},{"start":{"line":143,"column":4},"end":{"line":143,"column":4}}]}}},
"contracts/test/VRFCoordinatorV2Mock.sol":{"l":{},"path":"/home/shubh/web3/hardhat-lottery/contracts/test/VRFCoordinatorV2Mock.sol","s":{},"b":{},"f":{},"fnMap":{},"statementMap":{},"branchMap":{}}}
