TN:
SF:/home/shubh/web3/hardhat-lottery/contracts/Raffle.sol
FN:60,constructor
FN:71,enterRaffle
FN:91,checkUpkeep
FN:110,performUpkeep
FN:132,fulfillRandomWords
FN:151,getPlayer
FN:155,getEnteranceFee
FN:159,getRecentWinner
FN:163,getNumWords
FN:167,getNumOfPlayers
FN:171,getLatestTimeStamp
FN:175,getRaffleState
FN:179,getInterval
FN:183,getSubscriptionId
FNF:14
FNH:9
FNDA:3,constructor
FNDA:5,enterRaffle
FNDA:1,checkUpkeep
FNDA:1,performUpkeep
FNDA:0,fulfillRandomWords
FNDA:1,getPlayer
FNDA:5,getEnteranceFee
FNDA:0,getRecentWinner
FNDA:0,getNumWords
FNDA:0,getNumOfPlayers
FNDA:0,getLatestTimeStamp
FNDA:1,getRaffleState
FNDA:5,getInterval
FNDA:5,getSubscriptionId
DA:61,3
DA:62,3
DA:63,3
DA:64,3
DA:65,3
DA:66,3
DA:67,3
DA:68,3
DA:72,5
DA:73,1
DA:75,4
DA:76,1
DA:78,3
DA:79,3
DA:102,1
DA:103,1
DA:104,1
DA:105,1
DA:106,1
DA:107,1
DA:113,1
DA:114,1
DA:115,0
DA:121,1
DA:122,1
DA:129,1
DA:137,0
DA:138,0
DA:139,0
DA:140,0
DA:141,0
DA:142,0
DA:143,0
DA:144,0
DA:146,0
DA:147,0
DA:152,1
DA:156,5
DA:160,0
DA:164,0
DA:168,0
DA:172,0
DA:176,1
DA:180,5
DA:184,5
LF:45
LH:30
BRDA:72,1,0,1
BRDA:72,1,1,4
BRDA:75,2,0,1
BRDA:75,2,1,3
BRDA:114,3,0,0
BRDA:114,3,1,1
BRDA:143,4,0,0
BRDA:143,4,1,0
BRF:8
BRH:5
end_of_record
TN:
SF:/home/shubh/web3/hardhat-lottery/contracts/test/VRFCoordinatorV2Mock.sol
FNF:0
FNH:0
LF:0
LH:0
BRF:0
BRH:0
end_of_record
