TN:
SF:/home/shubh/web3/hardhat-lottery/contracts/Raffle.sol
FN:60,constructor
FN:71,enterRaffle
FN:91,checkUpkeep
FN:109,performUpkeep
FN:131,fulfillRandomWords
FN:150,getPlayer
FN:154,getEnteranceFee
FN:158,getRecentWinner
FN:162,getNumWords
FN:166,getNumOfPlayers
FN:170,getLatestTimeStamp
FN:174,getRaffleState
FN:178,getInterval
FN:182,getSubscriptionId
FNF:14
FNH:13
FNDA:3,constructor
FNDA:15,enterRaffle
FNDA:10,checkUpkeep
FNDA:6,performUpkeep
FNDA:1,fulfillRandomWords
FNDA:1,getPlayer
FNDA:14,getEnteranceFee
FNDA:1,getRecentWinner
FNDA:0,getNumWords
FNDA:1,getNumOfPlayers
FNDA:2,getLatestTimeStamp
FNDA:4,getRaffleState
FNDA:14,getInterval
FNDA:14,getSubscriptionId
DA:61,3
DA:62,3
DA:63,3
DA:64,3
DA:65,3
DA:66,3
DA:67,3
DA:68,3
DA:72,15
DA:73,1
DA:75,14
DA:76,1
DA:78,13
DA:79,13
DA:101,10
DA:102,10
DA:103,10
DA:104,10
DA:105,10
DA:106,10
DA:112,6
DA:113,6
DA:114,1
DA:120,5
DA:121,5
DA:128,5
DA:136,1
DA:137,1
DA:138,1
DA:139,1
DA:140,1
DA:141,1
DA:142,1
DA:143,0
DA:145,1
DA:146,1
DA:151,1
DA:155,14
DA:159,1
DA:163,0
DA:167,1
DA:171,2
DA:175,4
DA:179,14
DA:183,14
LF:45
LH:43
BRDA:72,1,0,1
BRDA:72,1,1,14
BRDA:75,2,0,1
BRDA:75,2,1,13
BRDA:113,3,0,1
BRDA:113,3,1,5
BRDA:142,4,0,0
BRDA:142,4,1,1
BRF:8
BRH:7
end_of_record
TN:
SF:/home/shubh/web3/hardhat-lottery/contracts/test/VRFCoordinatorV2Mock.sol
FNF:0
FNH:0
LF:0
LH:0
BRF:0
BRH:0
end_of_record
